<?xml version="1.0" encoding="UTF-8"?>
<!-- Generated by org.testng.reporters.JUnitReportReporter -->
<testsuite hostname="Hal9000" failures="0" tests="3" name="Tests.LandingPageRegressionTest" time="65.947" errors="0" timestamp="2020-11-03T21:17:31 GMT" skipped="0">
  <testcase classname="Tests.LandingPageRegressionTest" name="Test_CheckAccountButtonUserDetails2" time="33.635"/>
  <system-out/>
  <testcase classname="Tests.LandingPageRegressionTest" name="Test_ValidateWomenTshirt2" time="10.644"/>
  <system-out/>
  <testcase classname="Tests.LandingPageRegressionTest" name="Test_ValidateMyAccountPage2" time="21.668"/>
  <system-out/>
</testsuite> <!-- Tests.LandingPageRegressionTest -->
