<?xml version="1.0" encoding="UTF-8"?>
<!-- Generated by org.testng.reporters.JUnitReportReporter -->
<testsuite hostname="Hal9000" failures="0" tests="3" name="Tests.BvtTest" time="80.371" errors="0" timestamp="2020-11-03T21:17:31 GMT" skipped="0">
  <testcase classname="Tests.BvtTest" name="Test_ValidateMyAccountPage2" time="28.896"/>
  <system-out/>
  <testcase classname="Tests.BvtTest" name="Test_CheckAccountButtonUserDetails2" time="39.979"/>
  <system-out/>
  <testcase classname="Tests.BvtTest" name="Test_ValidateWomenTshirt2" time="11.496"/>
  <system-out/>
</testsuite> <!-- Tests.BvtTest -->
