<?xml version="1.0" encoding="UTF-8"?>
<!-- Generated by org.testng.reporters.JUnitReportReporter -->
<testsuite hostname="Hal9000" failures="0" tests="3" name="Tests.SmokeTest" time="66.649" errors="0" timestamp="2020-11-03T21:17:31 GMT" skipped="0">
  <testcase classname="Tests.SmokeTest" name="Test_ValidateWomenTshirt" time="32.908"/>
  <system-out/>
  <testcase classname="Tests.SmokeTest" name="Test_CheckAccountButtonUserDetails" time="11.282"/>
  <system-out/>
  <testcase classname="Tests.SmokeTest" name="Test_ValidateMyAccountPage" time="22.459"/>
  <system-out/>
</testsuite> <!-- Tests.SmokeTest -->
